[2016-01-25 16:44:18] ERROR (AbstractCmd.java: 64) - The Mechanical Turk command line tool is not configured correctly: access_key is missing!
[2016-01-25 16:44:18] ERROR (AbstractCmd.java: 65) - Please open the configuration file (mturk.properties) and correct this setting before proceeding.
[2016-01-25 16:52:58] ERROR (AbstractCmd.java: 150) - An error occurred: This request must be made over a secure channel. You must use 'https' rather than 'http'.
com.amazonaws.mturk.service.exception.InternalServiceException: This request must be made over a secure channel. You must use 'https' rather than 'http'.
	at com.amazonaws.mturk.service.axis.AWSService.executeRequestMessage(AWSService.java:243)
	at com.amazonaws.mturk.filter.FinalFilter.execute(FinalFilter.java:38)
	at com.amazonaws.mturk.filter.Filter.passMessage(Filter.java:56)
	at com.amazonaws.mturk.filter.ErrorProcessingFilter.execute(ErrorProcessingFilter.java:46)
	at com.amazonaws.mturk.filter.Filter.passMessage(Filter.java:56)
	at com.amazonaws.mturk.filter.RetryFilter.execute(RetryFilter.java:115)
	at com.amazonaws.mturk.filter.Filter.passMessage(Filter.java:56)
	at com.amazonaws.mturk.util.CLTExceptionFilter.sendMessage(CLTExceptionFilter.java:77)
	at com.amazonaws.mturk.util.CLTExceptionFilter.execute(CLTExceptionFilter.java:62)
	at com.amazonaws.mturk.service.axis.FilteredAWSService.executeRequests(FilteredAWSService.java:172)
	at com.amazonaws.mturk.service.axis.FilteredAWSService.executeRequest(FilteredAWSService.java:152)
	at com.amazonaws.mturk.service.axis.FilteredAWSService.executeRequest(FilteredAWSService.java:116)
	at com.amazonaws.mturk.service.axis.RequesterServiceRaw.grantBonus(RequesterServiceRaw.java:906)
	at com.amazonaws.mturk.cmd.GrantBonus.grantBonus(GrantBonus.java:93)
	at com.amazonaws.mturk.cmd.GrantBonus.runCommand(GrantBonus.java:86)
	at com.amazonaws.mturk.cmd.AbstractCmd.run(AbstractCmd.java:148)
	at com.amazonaws.mturk.cmd.GrantBonus.main(GrantBonus.java:30)
Caused by: This request must be made over a secure channel. You must use 'https' rather than 'http'.
	at org.apache.axis.message.SOAPFaultBuilder.createFault(SOAPFaultBuilder.java:222)
	at org.apache.axis.message.SOAPFaultBuilder.endElement(SOAPFaultBuilder.java:129)
	at org.apache.axis.encoding.DeserializationContext.endElement(DeserializationContext.java:1087)
	at org.apache.xerces.parsers.AbstractSAXParser.endElement(Unknown Source)
	at org.apache.xerces.impl.XMLNSDocumentScannerImpl.scanEndElement(Unknown Source)
	at org.apache.xerces.impl.XMLDocumentFragmentScannerImpl$FragmentContentDispatcher.dispatch(Unknown Source)
	at org.apache.xerces.impl.XMLDocumentFragmentScannerImpl.scanDocument(Unknown Source)
	at org.apache.xerces.parsers.XML11Configuration.parse(Unknown Source)
	at org.apache.xerces.parsers.XML11Configuration.parse(Unknown Source)
	at org.apache.xerces.parsers.XMLParser.parse(Unknown Source)
	at org.apache.xerces.parsers.AbstractSAXParser.parse(Unknown Source)
	at org.apache.xerces.jaxp.SAXParserImpl$JAXPSAXParser.parse(Unknown Source)
	at org.apache.xerces.jaxp.SAXParserImpl.parse(Unknown Source)
	at org.apache.axis.encoding.DeserializationContext.parse(DeserializationContext.java:227)
	at org.apache.axis.SOAPPart.getAsSOAPEnvelope(SOAPPart.java:696)
	at org.apache.axis.Message.getSOAPEnvelope(Message.java:435)
	at org.apache.axis.handlers.soap.MustUnderstandChecker.invoke(MustUnderstandChecker.java:62)
	at org.apache.axis.client.AxisClient.invoke(AxisClient.java:206)
	at org.apache.axis.client.Call.invokeEngine(Call.java:2784)
	at org.apache.axis.client.Call.invoke(Call.java:2767)
	at org.apache.axis.client.Call.invoke(Call.java:2443)
	at org.apache.axis.client.Call.invoke(Call.java:2366)
	at org.apache.axis.client.Call.invoke(Call.java:1812)
	at com.amazonaws.mturk.requester.AWSMechanicalTurkRequesterBindingStub.grantBonus(Unknown Source)
	at sun.reflect.NativeMethodAccessorImpl.invoke0(Native Method)
	at sun.reflect.NativeMethodAccessorImpl.invoke(NativeMethodAccessorImpl.java:39)
	at sun.reflect.DelegatingMethodAccessorImpl.invoke(DelegatingMethodAccessorImpl.java:25)
	at java.lang.reflect.Method.invoke(Method.java:597)
	at com.amazonaws.mturk.service.axis.AWSService.executeRequestMessage(AWSService.java:220)
	... 16 more
[2016-01-25 16:55:27] ERROR (AbstractCmd.java: 150) - An error occurred: Error #1 for RequestId: 671e55c9-36f8-4a80-abab-767b20982021 - AWS.NotAuthorized: The identity contained in the request is not authorized to use this AWSAccessKeyId (1453758926930)
com.amazonaws.mturk.service.exception.AccessKeyException: Error #1 for RequestId: 671e55c9-36f8-4a80-abab-767b20982021 - AWS.NotAuthorized: The identity contained in the request is not authorized to use this AWSAccessKeyId (1453758926930)
	at com.amazonaws.mturk.filter.ErrorProcessingFilter.processErrors(ErrorProcessingFilter.java:91)
	at com.amazonaws.mturk.filter.ErrorProcessingFilter.execute(ErrorProcessingFilter.java:48)
	at com.amazonaws.mturk.filter.Filter.passMessage(Filter.java:56)
	at com.amazonaws.mturk.filter.RetryFilter.execute(RetryFilter.java:115)
	at com.amazonaws.mturk.filter.Filter.passMessage(Filter.java:56)
	at com.amazonaws.mturk.util.CLTExceptionFilter.sendMessage(CLTExceptionFilter.java:77)
	at com.amazonaws.mturk.util.CLTExceptionFilter.execute(CLTExceptionFilter.java:62)
	at com.amazonaws.mturk.service.axis.FilteredAWSService.executeRequests(FilteredAWSService.java:172)
	at com.amazonaws.mturk.service.axis.FilteredAWSService.executeRequest(FilteredAWSService.java:152)
	at com.amazonaws.mturk.service.axis.FilteredAWSService.executeRequest(FilteredAWSService.java:116)
	at com.amazonaws.mturk.service.axis.RequesterServiceRaw.grantBonus(RequesterServiceRaw.java:906)
	at com.amazonaws.mturk.cmd.GrantBonus.grantBonus(GrantBonus.java:93)
	at com.amazonaws.mturk.cmd.GrantBonus.runCommand(GrantBonus.java:86)
	at com.amazonaws.mturk.cmd.AbstractCmd.run(AbstractCmd.java:148)
	at com.amazonaws.mturk.cmd.GrantBonus.main(GrantBonus.java:30)
[2016-01-25 17:08:31] INFO  (GrantBonus.java: 95) - Granted bonus to A2MWAXV1YRK5GH
[2016-01-25 17:14:41] INFO  (GrantBonus.java: 95) - Granted bonus to AG61AWXAA84GD
[2016-01-25 17:14:43] INFO  (GrantBonus.java: 95) - Granted bonus to A23YOJ16ZTWQ30
[2016-01-25 17:14:44] INFO  (GrantBonus.java: 95) - Granted bonus to A1P0NNR8HOQ95R
[2016-01-25 17:14:46] INFO  (GrantBonus.java: 95) - Granted bonus to AUAN582MLI96N
[2016-01-25 17:14:48] INFO  (GrantBonus.java: 95) - Granted bonus to A3QSFE6GKO157S
[2016-01-25 17:14:49] INFO  (GrantBonus.java: 95) - Granted bonus to A2RYN1S6OSO9KX
[2016-01-25 17:14:51] INFO  (GrantBonus.java: 95) - Granted bonus to A110KENBXU7SUJ
[2016-01-25 17:14:53] INFO  (GrantBonus.java: 95) - Granted bonus to A3VMKLJTSGYKHN
[2016-01-25 17:14:54] INFO  (GrantBonus.java: 95) - Granted bonus to A2JI5RNPPXE8QE
[2016-01-25 17:14:56] INFO  (GrantBonus.java: 95) - Granted bonus to A33QUS4NRVVMTN
[2016-01-25 17:14:58] INFO  (GrantBonus.java: 95) - Granted bonus to A2WX9BYW5TI8OA
[2016-01-25 17:15:00] INFO  (GrantBonus.java: 95) - Granted bonus to A25MM8IKSW3G19
[2016-01-25 17:15:01] INFO  (GrantBonus.java: 95) - Granted bonus to A1T9IKE8GV4LR4
[2016-01-25 17:15:03] INFO  (GrantBonus.java: 95) - Granted bonus to A2WQTSU6SSBUWC
[2016-01-25 17:15:05] INFO  (GrantBonus.java: 95) - Granted bonus to A2N0FUQBDQRBN5
[2016-01-25 17:15:07] INFO  (GrantBonus.java: 95) - Granted bonus to A2Z96TK65BB7LC
[2016-01-25 17:15:09] INFO  (GrantBonus.java: 95) - Granted bonus to A36662QQDZ9J3R
[2016-01-25 17:15:10] INFO  (GrantBonus.java: 95) - Granted bonus to A1LJ4WAEDGELVL
[2016-01-25 17:15:12] INFO  (GrantBonus.java: 95) - Granted bonus to A3W6T1WDYXMR3
[2016-01-25 17:15:14] INFO  (GrantBonus.java: 95) - Granted bonus to AVC1PLLFS210S
[2016-01-25 17:15:16] INFO  (GrantBonus.java: 95) - Granted bonus to A195MOXRMNHRVT
[2016-01-25 17:15:18] INFO  (GrantBonus.java: 95) - Granted bonus to A28HYRF3QXFAXL
[2016-01-25 17:15:20] INFO  (GrantBonus.java: 95) - Granted bonus to A3GDTSFHVBUJHD
[2016-01-25 17:15:21] INFO  (GrantBonus.java: 95) - Granted bonus to A4J4GGMKJ68L0
[2016-01-25 17:15:23] INFO  (GrantBonus.java: 95) - Granted bonus to A3B7TNVOISSZ2O
[2016-01-25 17:15:25] INFO  (GrantBonus.java: 95) - Granted bonus to A29HUSCMP9TKWW
[2016-01-25 17:15:26] INFO  (GrantBonus.java: 95) - Granted bonus to A1JNC3HWWHJD2J
[2016-01-25 17:15:28] INFO  (GrantBonus.java: 95) - Granted bonus to A11C9D55C41PB2
[2016-01-25 17:15:30] INFO  (GrantBonus.java: 95) - Granted bonus to A376BI2RNUIFRH
[2016-01-25 17:15:32] INFO  (GrantBonus.java: 95) - Granted bonus to A306GWTM2KVPJ0
[2016-01-25 17:15:33] INFO  (GrantBonus.java: 95) - Granted bonus to A3ICAL8EDT8WHG
[2016-01-25 17:15:35] INFO  (GrantBonus.java: 95) - Granted bonus to A212QVOGP76UH2
[2016-01-25 17:15:37] INFO  (GrantBonus.java: 95) - Granted bonus to A194HYD53ONJOY
[2016-01-25 17:15:39] INFO  (GrantBonus.java: 95) - Granted bonus to A2O4D0WJS54KCO
[2016-01-25 17:15:40] INFO  (GrantBonus.java: 95) - Granted bonus to A27W025UEXS1G0
[2016-01-25 17:15:42] INFO  (GrantBonus.java: 95) - Granted bonus to A359ETX78LN74M
[2016-01-25 17:15:44] INFO  (GrantBonus.java: 95) - Granted bonus to A1Z7J3XE1R8TYT
[2016-01-25 17:15:46] INFO  (GrantBonus.java: 95) - Granted bonus to A3EJ44J2ZNRMDA
[2016-01-25 17:15:47] INFO  (GrantBonus.java: 95) - Granted bonus to A2K9HSMVUUZJSI
[2016-01-25 17:15:49] INFO  (GrantBonus.java: 95) - Granted bonus to A2EI075XZT9Y2S
[2016-01-25 17:15:51] INFO  (GrantBonus.java: 95) - Granted bonus to A15PM8KAJ40XV7
[2016-01-25 17:15:52] INFO  (GrantBonus.java: 95) - Granted bonus to AXF0OX50YZQC6
[2016-01-25 17:15:54] INFO  (GrantBonus.java: 95) - Granted bonus to A1E5BY1MHT9C1E
[2016-01-25 17:15:56] INFO  (GrantBonus.java: 95) - Granted bonus to ANV4TUKMWLA8E
[2016-01-25 17:15:57] INFO  (GrantBonus.java: 95) - Granted bonus to A207149DHAS89K
[2016-01-25 17:15:59] INFO  (GrantBonus.java: 95) - Granted bonus to A4E1UYPDHE8D8
[2016-01-25 17:16:01] INFO  (GrantBonus.java: 95) - Granted bonus to ASTDBTVY3WP1K
[2016-01-25 17:16:02] INFO  (GrantBonus.java: 95) - Granted bonus to AHB3QFZSFN9DL
[2016-01-25 17:16:04] INFO  (GrantBonus.java: 95) - Granted bonus to A3D2U4QF7821ZW
[2016-01-25 17:16:06] ERROR (AbstractCmd.java: 150) - An error occurred: Error #1 for RequestId: 738223a0-8faf-4b43-89ed-a9b39a378f14 - AWS.MechanicalTurk.AssignmentDoesNotExist: Assignment 3YT88D1N08YSUJ1FTXMRKKNSOMOK3G does not exist. (1453760166210)
com.amazonaws.mturk.service.exception.ObjectDoesNotExistException: Error #1 for RequestId: 738223a0-8faf-4b43-89ed-a9b39a378f14 - AWS.MechanicalTurk.AssignmentDoesNotExist: Assignment 3YT88D1N08YSUJ1FTXMRKKNSOMOK3G does not exist. (1453760166210)
	at com.amazonaws.mturk.filter.ErrorProcessingFilter.processErrors(ErrorProcessingFilter.java:105)
	at com.amazonaws.mturk.filter.ErrorProcessingFilter.execute(ErrorProcessingFilter.java:48)
	at com.amazonaws.mturk.filter.Filter.passMessage(Filter.java:56)
	at com.amazonaws.mturk.filter.RetryFilter.execute(RetryFilter.java:115)
	at com.amazonaws.mturk.filter.Filter.passMessage(Filter.java:56)
	at com.amazonaws.mturk.util.CLTExceptionFilter.sendMessage(CLTExceptionFilter.java:77)
	at com.amazonaws.mturk.util.CLTExceptionFilter.execute(CLTExceptionFilter.java:62)
	at com.amazonaws.mturk.service.axis.FilteredAWSService.executeRequests(FilteredAWSService.java:172)
	at com.amazonaws.mturk.service.axis.FilteredAWSService.executeRequest(FilteredAWSService.java:152)
	at com.amazonaws.mturk.service.axis.FilteredAWSService.executeRequest(FilteredAWSService.java:116)
	at com.amazonaws.mturk.service.axis.RequesterServiceRaw.grantBonus(RequesterServiceRaw.java:906)
	at com.amazonaws.mturk.cmd.GrantBonus.grantBonus(GrantBonus.java:93)
	at com.amazonaws.mturk.cmd.GrantBonus.runCommand(GrantBonus.java:86)
	at com.amazonaws.mturk.cmd.AbstractCmd.run(AbstractCmd.java:148)
	at com.amazonaws.mturk.cmd.GrantBonus.main(GrantBonus.java:30)
[2016-01-25 17:16:07] INFO  (GrantBonus.java: 95) - Granted bonus to A3LC1KRWMHUH9I
[2016-01-25 17:16:09] INFO  (GrantBonus.java: 95) - Granted bonus to A2JGSSRI6SJ8P6
[2016-01-25 17:16:11] INFO  (GrantBonus.java: 95) - Granted bonus to A2TKF8DPMLXRUO
[2016-01-25 17:16:13] INFO  (GrantBonus.java: 95) - Granted bonus to A85ATJSDTIARY
[2016-01-25 17:16:14] INFO  (GrantBonus.java: 95) - Granted bonus to A38HFMRXB5Q13M
[2016-01-25 17:16:16] INFO  (GrantBonus.java: 95) - Granted bonus to A19L9MK673JAAG
[2016-01-25 17:16:18] INFO  (GrantBonus.java: 95) - Granted bonus to A9HQ3E0F2AGVO
[2016-01-25 17:16:19] INFO  (GrantBonus.java: 95) - Granted bonus to A2FFNO6G4FEE2N
[2016-01-25 17:16:21] INFO  (GrantBonus.java: 95) - Granted bonus to A3M01W8KKZF99X
[2016-01-25 17:16:23] INFO  (GrantBonus.java: 95) - Granted bonus to A3527QDVIOHI8E
[2016-01-25 17:16:25] INFO  (GrantBonus.java: 95) - Granted bonus to AQL960O0LTRI8
[2016-01-25 17:16:26] INFO  (GrantBonus.java: 95) - Granted bonus to AV22FQTJNBUZT
[2016-01-25 17:16:28] INFO  (GrantBonus.java: 95) - Granted bonus to A2916GCJERYKC2
[2016-01-25 17:16:30] INFO  (GrantBonus.java: 95) - Granted bonus to A2UTDZAZV1DF0N
[2016-01-25 17:16:32] INFO  (GrantBonus.java: 95) - Granted bonus to ADP7UNGJZKRSK
[2016-01-26 14:55:58] INFO  (GrantBonus.java: 95) - Granted bonus to A2OS0VCSQLU3HE
[2017-05-01 17:28:58] ERROR (AbstractCmd.java: 150) - An error occurred: Error #1 for RequestId: 1f65a56a-071f-40b2-b258-3ab2285da0aa - AWS.MechanicalTurk.AssignmentDoesNotExist: Assignment 3WRFBPLXRAO8LG8F29SX40E2YD63NU does not exist. (1493674138615)
com.amazonaws.mturk.service.exception.ObjectDoesNotExistException: Error #1 for RequestId: 1f65a56a-071f-40b2-b258-3ab2285da0aa - AWS.MechanicalTurk.AssignmentDoesNotExist: Assignment 3WRFBPLXRAO8LG8F29SX40E2YD63NU does not exist. (1493674138615)
	at com.amazonaws.mturk.filter.ErrorProcessingFilter.processErrors(ErrorProcessingFilter.java:105)
	at com.amazonaws.mturk.filter.ErrorProcessingFilter.execute(ErrorProcessingFilter.java:48)
	at com.amazonaws.mturk.filter.Filter.passMessage(Filter.java:56)
	at com.amazonaws.mturk.filter.RetryFilter.execute(RetryFilter.java:115)
	at com.amazonaws.mturk.filter.Filter.passMessage(Filter.java:56)
	at com.amazonaws.mturk.util.CLTExceptionFilter.sendMessage(CLTExceptionFilter.java:77)
	at com.amazonaws.mturk.util.CLTExceptionFilter.execute(CLTExceptionFilter.java:62)
	at com.amazonaws.mturk.service.axis.FilteredAWSService.executeRequests(FilteredAWSService.java:172)
	at com.amazonaws.mturk.service.axis.FilteredAWSService.executeRequest(FilteredAWSService.java:152)
	at com.amazonaws.mturk.service.axis.FilteredAWSService.executeRequest(FilteredAWSService.java:116)
	at com.amazonaws.mturk.service.axis.RequesterServiceRaw.grantBonus(RequesterServiceRaw.java:906)
	at com.amazonaws.mturk.cmd.GrantBonus.grantBonus(GrantBonus.java:93)
	at com.amazonaws.mturk.cmd.GrantBonus.runCommand(GrantBonus.java:86)
	at com.amazonaws.mturk.cmd.AbstractCmd.run(AbstractCmd.java:148)
	at com.amazonaws.mturk.cmd.GrantBonus.main(GrantBonus.java:30)
[2017-05-01 17:28:59] ERROR (AbstractCmd.java: 150) - An error occurred: Error #1 for RequestId: be5f0c61-1519-4b47-a7f0-9aaf8bf4be53 - AWS.MechanicalTurk.AssignmentDoesNotExist: Assignment 33M4IA01QG15GC7LF5G2K08G657RXH does not exist. (1493674139729)
com.amazonaws.mturk.service.exception.ObjectDoesNotExistException: Error #1 for RequestId: be5f0c61-1519-4b47-a7f0-9aaf8bf4be53 - AWS.MechanicalTurk.AssignmentDoesNotExist: Assignment 33M4IA01QG15GC7LF5G2K08G657RXH does not exist. (1493674139729)
	at com.amazonaws.mturk.filter.ErrorProcessingFilter.processErrors(ErrorProcessingFilter.java:105)
	at com.amazonaws.mturk.filter.ErrorProcessingFilter.execute(ErrorProcessingFilter.java:48)
	at com.amazonaws.mturk.filter.Filter.passMessage(Filter.java:56)
	at com.amazonaws.mturk.filter.RetryFilter.execute(RetryFilter.java:115)
	at com.amazonaws.mturk.filter.Filter.passMessage(Filter.java:56)
	at com.amazonaws.mturk.util.CLTExceptionFilter.sendMessage(CLTExceptionFilter.java:77)
	at com.amazonaws.mturk.util.CLTExceptionFilter.execute(CLTExceptionFilter.java:62)
	at com.amazonaws.mturk.service.axis.FilteredAWSService.executeRequests(FilteredAWSService.java:172)
	at com.amazonaws.mturk.service.axis.FilteredAWSService.executeRequest(FilteredAWSService.java:152)
	at com.amazonaws.mturk.service.axis.FilteredAWSService.executeRequest(FilteredAWSService.java:116)
	at com.amazonaws.mturk.service.axis.RequesterServiceRaw.grantBonus(RequesterServiceRaw.java:906)
	at com.amazonaws.mturk.cmd.GrantBonus.grantBonus(GrantBonus.java:93)
	at com.amazonaws.mturk.cmd.GrantBonus.runCommand(GrantBonus.java:86)
	at com.amazonaws.mturk.cmd.AbstractCmd.run(AbstractCmd.java:148)
	at com.amazonaws.mturk.cmd.GrantBonus.main(GrantBonus.java:30)
[2017-05-01 17:29:00] ERROR (AbstractCmd.java: 150) - An error occurred: Error #1 for RequestId: 3722128e-d9a3-4d7a-95d1-7025da597f59 - AWS.MechanicalTurk.AssignmentDoesNotExist: Assignment 31N2WW6R9RQWXOVY4L9KWV5TWMVF3A does not exist. (1493674140774)
com.amazonaws.mturk.service.exception.ObjectDoesNotExistException: Error #1 for RequestId: 3722128e-d9a3-4d7a-95d1-7025da597f59 - AWS.MechanicalTurk.AssignmentDoesNotExist: Assignment 31N2WW6R9RQWXOVY4L9KWV5TWMVF3A does not exist. (1493674140774)
	at com.amazonaws.mturk.filter.ErrorProcessingFilter.processErrors(ErrorProcessingFilter.java:105)
	at com.amazonaws.mturk.filter.ErrorProcessingFilter.execute(ErrorProcessingFilter.java:48)
	at com.amazonaws.mturk.filter.Filter.passMessage(Filter.java:56)
	at com.amazonaws.mturk.filter.RetryFilter.execute(RetryFilter.java:115)
	at com.amazonaws.mturk.filter.Filter.passMessage(Filter.java:56)
	at com.amazonaws.mturk.util.CLTExceptionFilter.sendMessage(CLTExceptionFilter.java:77)
	at com.amazonaws.mturk.util.CLTExceptionFilter.execute(CLTExceptionFilter.java:62)
	at com.amazonaws.mturk.service.axis.FilteredAWSService.executeRequests(FilteredAWSService.java:172)
	at com.amazonaws.mturk.service.axis.FilteredAWSService.executeRequest(FilteredAWSService.java:152)
	at com.amazonaws.mturk.service.axis.FilteredAWSService.executeRequest(FilteredAWSService.java:116)
	at com.amazonaws.mturk.service.axis.RequesterServiceRaw.grantBonus(RequesterServiceRaw.java:906)
	at com.amazonaws.mturk.cmd.GrantBonus.grantBonus(GrantBonus.java:93)
	at com.amazonaws.mturk.cmd.GrantBonus.runCommand(GrantBonus.java:86)
	at com.amazonaws.mturk.cmd.AbstractCmd.run(AbstractCmd.java:148)
	at com.amazonaws.mturk.cmd.GrantBonus.main(GrantBonus.java:30)
[2017-05-01 17:29:01] ERROR (AbstractCmd.java: 150) - An error occurred: Error #1 for RequestId: a0b3bab7-9a75-4dee-800f-f2c41f7eca4b - AWS.MechanicalTurk.AssignmentDoesNotExist: Assignment 3E47SOBEYQW4KFT7YMQ6SVMFIRPICR does not exist. (1493674141851)
com.amazonaws.mturk.service.exception.ObjectDoesNotExistException: Error #1 for RequestId: a0b3bab7-9a75-4dee-800f-f2c41f7eca4b - AWS.MechanicalTurk.AssignmentDoesNotExist: Assignment 3E47SOBEYQW4KFT7YMQ6SVMFIRPICR does not exist. (1493674141851)
	at com.amazonaws.mturk.filter.ErrorProcessingFilter.processErrors(ErrorProcessingFilter.java:105)
	at com.amazonaws.mturk.filter.ErrorProcessingFilter.execute(ErrorProcessingFilter.java:48)
	at com.amazonaws.mturk.filter.Filter.passMessage(Filter.java:56)
	at com.amazonaws.mturk.filter.RetryFilter.execute(RetryFilter.java:115)
	at com.amazonaws.mturk.filter.Filter.passMessage(Filter.java:56)
	at com.amazonaws.mturk.util.CLTExceptionFilter.sendMessage(CLTExceptionFilter.java:77)
	at com.amazonaws.mturk.util.CLTExceptionFilter.execute(CLTExceptionFilter.java:62)
	at com.amazonaws.mturk.service.axis.FilteredAWSService.executeRequests(FilteredAWSService.java:172)
	at com.amazonaws.mturk.service.axis.FilteredAWSService.executeRequest(FilteredAWSService.java:152)
	at com.amazonaws.mturk.service.axis.FilteredAWSService.executeRequest(FilteredAWSService.java:116)
	at com.amazonaws.mturk.service.axis.RequesterServiceRaw.grantBonus(RequesterServiceRaw.java:906)
	at com.amazonaws.mturk.cmd.GrantBonus.grantBonus(GrantBonus.java:93)
	at com.amazonaws.mturk.cmd.GrantBonus.runCommand(GrantBonus.java:86)
	at com.amazonaws.mturk.cmd.AbstractCmd.run(AbstractCmd.java:148)
	at com.amazonaws.mturk.cmd.GrantBonus.main(GrantBonus.java:30)
[2017-05-01 17:29:02] ERROR (AbstractCmd.java: 150) - An error occurred: Error #1 for RequestId: 45e26327-64b4-47a9-9f4a-3b680a262486 - AWS.MechanicalTurk.AssignmentDoesNotExist: Assignment 3LUY3GC63Z0QPKLFK08FL6VD3U47PA does not exist. (1493674142945)
com.amazonaws.mturk.service.exception.ObjectDoesNotExistException: Error #1 for RequestId: 45e26327-64b4-47a9-9f4a-3b680a262486 - AWS.MechanicalTurk.AssignmentDoesNotExist: Assignment 3LUY3GC63Z0QPKLFK08FL6VD3U47PA does not exist. (1493674142945)
	at com.amazonaws.mturk.filter.ErrorProcessingFilter.processErrors(ErrorProcessingFilter.java:105)
	at com.amazonaws.mturk.filter.ErrorProcessingFilter.execute(ErrorProcessingFilter.java:48)
	at com.amazonaws.mturk.filter.Filter.passMessage(Filter.java:56)
	at com.amazonaws.mturk.filter.RetryFilter.execute(RetryFilter.java:115)
	at com.amazonaws.mturk.filter.Filter.passMessage(Filter.java:56)
	at com.amazonaws.mturk.util.CLTExceptionFilter.sendMessage(CLTExceptionFilter.java:77)
	at com.amazonaws.mturk.util.CLTExceptionFilter.execute(CLTExceptionFilter.java:62)
	at com.amazonaws.mturk.service.axis.FilteredAWSService.executeRequests(FilteredAWSService.java:172)
	at com.amazonaws.mturk.service.axis.FilteredAWSService.executeRequest(FilteredAWSService.java:152)
	at com.amazonaws.mturk.service.axis.FilteredAWSService.executeRequest(FilteredAWSService.java:116)
	at com.amazonaws.mturk.service.axis.RequesterServiceRaw.grantBonus(RequesterServiceRaw.java:906)
	at com.amazonaws.mturk.cmd.GrantBonus.grantBonus(GrantBonus.java:93)
	at com.amazonaws.mturk.cmd.GrantBonus.runCommand(GrantBonus.java:86)
	at com.amazonaws.mturk.cmd.AbstractCmd.run(AbstractCmd.java:148)
	at com.amazonaws.mturk.cmd.GrantBonus.main(GrantBonus.java:30)
[2017-05-01 17:29:04] ERROR (AbstractCmd.java: 150) - An error occurred: Error #1 for RequestId: 9d324adf-7470-4846-817a-1200b322c723 - AWS.MechanicalTurk.AssignmentDoesNotExist: Assignment 3OHYZ19UGC5QNM7CC37K6XSDUX3AOC does not exist. (1493674144015)
com.amazonaws.mturk.service.exception.ObjectDoesNotExistException: Error #1 for RequestId: 9d324adf-7470-4846-817a-1200b322c723 - AWS.MechanicalTurk.AssignmentDoesNotExist: Assignment 3OHYZ19UGC5QNM7CC37K6XSDUX3AOC does not exist. (1493674144015)
	at com.amazonaws.mturk.filter.ErrorProcessingFilter.processErrors(ErrorProcessingFilter.java:105)
	at com.amazonaws.mturk.filter.ErrorProcessingFilter.execute(ErrorProcessingFilter.java:48)
	at com.amazonaws.mturk.filter.Filter.passMessage(Filter.java:56)
	at com.amazonaws.mturk.filter.RetryFilter.execute(RetryFilter.java:115)
	at com.amazonaws.mturk.filter.Filter.passMessage(Filter.java:56)
	at com.amazonaws.mturk.util.CLTExceptionFilter.sendMessage(CLTExceptionFilter.java:77)
	at com.amazonaws.mturk.util.CLTExceptionFilter.execute(CLTExceptionFilter.java:62)
	at com.amazonaws.mturk.service.axis.FilteredAWSService.executeRequests(FilteredAWSService.java:172)
	at com.amazonaws.mturk.service.axis.FilteredAWSService.executeRequest(FilteredAWSService.java:152)
	at com.amazonaws.mturk.service.axis.FilteredAWSService.executeRequest(FilteredAWSService.java:116)
	at com.amazonaws.mturk.service.axis.RequesterServiceRaw.grantBonus(RequesterServiceRaw.java:906)
	at com.amazonaws.mturk.cmd.GrantBonus.grantBonus(GrantBonus.java:93)
	at com.amazonaws.mturk.cmd.GrantBonus.runCommand(GrantBonus.java:86)
	at com.amazonaws.mturk.cmd.AbstractCmd.run(AbstractCmd.java:148)
	at com.amazonaws.mturk.cmd.GrantBonus.main(GrantBonus.java:30)
[2017-05-01 17:29:05] ERROR (AbstractCmd.java: 150) - An error occurred: Error #1 for RequestId: 4ebc4906-6c3a-46af-ae3a-bf7508cf8e5c - AWS.MechanicalTurk.AssignmentDoesNotExist: Assignment 3Z2R0DQ0JHEF6SZJ5AB9V3F1E832ET does not exist. (1493674145114)
com.amazonaws.mturk.service.exception.ObjectDoesNotExistException: Error #1 for RequestId: 4ebc4906-6c3a-46af-ae3a-bf7508cf8e5c - AWS.MechanicalTurk.AssignmentDoesNotExist: Assignment 3Z2R0DQ0JHEF6SZJ5AB9V3F1E832ET does not exist. (1493674145114)
	at com.amazonaws.mturk.filter.ErrorProcessingFilter.processErrors(ErrorProcessingFilter.java:105)
	at com.amazonaws.mturk.filter.ErrorProcessingFilter.execute(ErrorProcessingFilter.java:48)
	at com.amazonaws.mturk.filter.Filter.passMessage(Filter.java:56)
	at com.amazonaws.mturk.filter.RetryFilter.execute(RetryFilter.java:115)
	at com.amazonaws.mturk.filter.Filter.passMessage(Filter.java:56)
	at com.amazonaws.mturk.util.CLTExceptionFilter.sendMessage(CLTExceptionFilter.java:77)
	at com.amazonaws.mturk.util.CLTExceptionFilter.execute(CLTExceptionFilter.java:62)
	at com.amazonaws.mturk.service.axis.FilteredAWSService.executeRequests(FilteredAWSService.java:172)
	at com.amazonaws.mturk.service.axis.FilteredAWSService.executeRequest(FilteredAWSService.java:152)
	at com.amazonaws.mturk.service.axis.FilteredAWSService.executeRequest(FilteredAWSService.java:116)
	at com.amazonaws.mturk.service.axis.RequesterServiceRaw.grantBonus(RequesterServiceRaw.java:906)
	at com.amazonaws.mturk.cmd.GrantBonus.grantBonus(GrantBonus.java:93)
	at com.amazonaws.mturk.cmd.GrantBonus.runCommand(GrantBonus.java:86)
	at com.amazonaws.mturk.cmd.AbstractCmd.run(AbstractCmd.java:148)
	at com.amazonaws.mturk.cmd.GrantBonus.main(GrantBonus.java:30)
[2017-05-01 17:29:06] ERROR (AbstractCmd.java: 150) - An error occurred: Error #1 for RequestId: 4c8d1d51-3382-4085-9953-5bc7f6d18e80 - AWS.MechanicalTurk.AssignmentDoesNotExist: Assignment 33FBRBDW6OZBV9HUP0EFF6S1FVVC8O does not exist. (1493674146384)
com.amazonaws.mturk.service.exception.ObjectDoesNotExistException: Error #1 for RequestId: 4c8d1d51-3382-4085-9953-5bc7f6d18e80 - AWS.MechanicalTurk.AssignmentDoesNotExist: Assignment 33FBRBDW6OZBV9HUP0EFF6S1FVVC8O does not exist. (1493674146384)
	at com.amazonaws.mturk.filter.ErrorProcessingFilter.processErrors(ErrorProcessingFilter.java:105)
	at com.amazonaws.mturk.filter.ErrorProcessingFilter.execute(ErrorProcessingFilter.java:48)
	at com.amazonaws.mturk.filter.Filter.passMessage(Filter.java:56)
	at com.amazonaws.mturk.filter.RetryFilter.execute(RetryFilter.java:115)
	at com.amazonaws.mturk.filter.Filter.passMessage(Filter.java:56)
	at com.amazonaws.mturk.util.CLTExceptionFilter.sendMessage(CLTExceptionFilter.java:77)
	at com.amazonaws.mturk.util.CLTExceptionFilter.execute(CLTExceptionFilter.java:62)
	at com.amazonaws.mturk.service.axis.FilteredAWSService.executeRequests(FilteredAWSService.java:172)
	at com.amazonaws.mturk.service.axis.FilteredAWSService.executeRequest(FilteredAWSService.java:152)
	at com.amazonaws.mturk.service.axis.FilteredAWSService.executeRequest(FilteredAWSService.java:116)
	at com.amazonaws.mturk.service.axis.RequesterServiceRaw.grantBonus(RequesterServiceRaw.java:906)
	at com.amazonaws.mturk.cmd.GrantBonus.grantBonus(GrantBonus.java:93)
	at com.amazonaws.mturk.cmd.GrantBonus.runCommand(GrantBonus.java:86)
	at com.amazonaws.mturk.cmd.AbstractCmd.run(AbstractCmd.java:148)
	at com.amazonaws.mturk.cmd.GrantBonus.main(GrantBonus.java:30)
[2017-05-01 17:29:07] ERROR (AbstractCmd.java: 150) - An error occurred: Error #1 for RequestId: e95f7bad-0afd-4343-b89a-2dd312fd87df - AWS.MechanicalTurk.AssignmentDoesNotExist: Assignment 3L6L49WXW0XPDNLDYN1UKO6MLUA543 does not exist. (1493674147448)
com.amazonaws.mturk.service.exception.ObjectDoesNotExistException: Error #1 for RequestId: e95f7bad-0afd-4343-b89a-2dd312fd87df - AWS.MechanicalTurk.AssignmentDoesNotExist: Assignment 3L6L49WXW0XPDNLDYN1UKO6MLUA543 does not exist. (1493674147448)
	at com.amazonaws.mturk.filter.ErrorProcessingFilter.processErrors(ErrorProcessingFilter.java:105)
	at com.amazonaws.mturk.filter.ErrorProcessingFilter.execute(ErrorProcessingFilter.java:48)
	at com.amazonaws.mturk.filter.Filter.passMessage(Filter.java:56)
	at com.amazonaws.mturk.filter.RetryFilter.execute(RetryFilter.java:115)
	at com.amazonaws.mturk.filter.Filter.passMessage(Filter.java:56)
	at com.amazonaws.mturk.util.CLTExceptionFilter.sendMessage(CLTExceptionFilter.java:77)
	at com.amazonaws.mturk.util.CLTExceptionFilter.execute(CLTExceptionFilter.java:62)
	at com.amazonaws.mturk.service.axis.FilteredAWSService.executeRequests(FilteredAWSService.java:172)
	at com.amazonaws.mturk.service.axis.FilteredAWSService.executeRequest(FilteredAWSService.java:152)
	at com.amazonaws.mturk.service.axis.FilteredAWSService.executeRequest(FilteredAWSService.java:116)
	at com.amazonaws.mturk.service.axis.RequesterServiceRaw.grantBonus(RequesterServiceRaw.java:906)
	at com.amazonaws.mturk.cmd.GrantBonus.grantBonus(GrantBonus.java:93)
	at com.amazonaws.mturk.cmd.GrantBonus.runCommand(GrantBonus.java:86)
	at com.amazonaws.mturk.cmd.AbstractCmd.run(AbstractCmd.java:148)
	at com.amazonaws.mturk.cmd.GrantBonus.main(GrantBonus.java:30)
[2017-05-01 17:29:08] ERROR (AbstractCmd.java: 150) - An error occurred: Error #1 for RequestId: f78284f7-718e-4ae5-aeff-4b7882dfe849 - AWS.MechanicalTurk.AssignmentDoesNotExist: Assignment 3TYCR1GOTCJJI9CNB37RV9FS8FCZLW does not exist. (1493674148482)
com.amazonaws.mturk.service.exception.ObjectDoesNotExistException: Error #1 for RequestId: f78284f7-718e-4ae5-aeff-4b7882dfe849 - AWS.MechanicalTurk.AssignmentDoesNotExist: Assignment 3TYCR1GOTCJJI9CNB37RV9FS8FCZLW does not exist. (1493674148482)
	at com.amazonaws.mturk.filter.ErrorProcessingFilter.processErrors(ErrorProcessingFilter.java:105)
	at com.amazonaws.mturk.filter.ErrorProcessingFilter.execute(ErrorProcessingFilter.java:48)
	at com.amazonaws.mturk.filter.Filter.passMessage(Filter.java:56)
	at com.amazonaws.mturk.filter.RetryFilter.execute(RetryFilter.java:115)
	at com.amazonaws.mturk.filter.Filter.passMessage(Filter.java:56)
	at com.amazonaws.mturk.util.CLTExceptionFilter.sendMessage(CLTExceptionFilter.java:77)
	at com.amazonaws.mturk.util.CLTExceptionFilter.execute(CLTExceptionFilter.java:62)
	at com.amazonaws.mturk.service.axis.FilteredAWSService.executeRequests(FilteredAWSService.java:172)
	at com.amazonaws.mturk.service.axis.FilteredAWSService.executeRequest(FilteredAWSService.java:152)
	at com.amazonaws.mturk.service.axis.FilteredAWSService.executeRequest(FilteredAWSService.java:116)
	at com.amazonaws.mturk.service.axis.RequesterServiceRaw.grantBonus(RequesterServiceRaw.java:906)
	at com.amazonaws.mturk.cmd.GrantBonus.grantBonus(GrantBonus.java:93)
	at com.amazonaws.mturk.cmd.GrantBonus.runCommand(GrantBonus.java:86)
	at com.amazonaws.mturk.cmd.AbstractCmd.run(AbstractCmd.java:148)
	at com.amazonaws.mturk.cmd.GrantBonus.main(GrantBonus.java:30)
[2017-05-01 17:29:09] ERROR (AbstractCmd.java: 150) - An error occurred: Error #1 for RequestId: 7551812f-a4a5-46f9-9ecc-78d0648c68dd - AWS.MechanicalTurk.AssignmentDoesNotExist: Assignment 3Y4W8Q93LZKJBDJLXPK0RQURBV4VDC does not exist. (1493674149528)
com.amazonaws.mturk.service.exception.ObjectDoesNotExistException: Error #1 for RequestId: 7551812f-a4a5-46f9-9ecc-78d0648c68dd - AWS.MechanicalTurk.AssignmentDoesNotExist: Assignment 3Y4W8Q93LZKJBDJLXPK0RQURBV4VDC does not exist. (1493674149528)
	at com.amazonaws.mturk.filter.ErrorProcessingFilter.processErrors(ErrorProcessingFilter.java:105)
	at com.amazonaws.mturk.filter.ErrorProcessingFilter.execute(ErrorProcessingFilter.java:48)
	at com.amazonaws.mturk.filter.Filter.passMessage(Filter.java:56)
	at com.amazonaws.mturk.filter.RetryFilter.execute(RetryFilter.java:115)
	at com.amazonaws.mturk.filter.Filter.passMessage(Filter.java:56)
	at com.amazonaws.mturk.util.CLTExceptionFilter.sendMessage(CLTExceptionFilter.java:77)
	at com.amazonaws.mturk.util.CLTExceptionFilter.execute(CLTExceptionFilter.java:62)
	at com.amazonaws.mturk.service.axis.FilteredAWSService.executeRequests(FilteredAWSService.java:172)
	at com.amazonaws.mturk.service.axis.FilteredAWSService.executeRequest(FilteredAWSService.java:152)
	at com.amazonaws.mturk.service.axis.FilteredAWSService.executeRequest(FilteredAWSService.java:116)
	at com.amazonaws.mturk.service.axis.RequesterServiceRaw.grantBonus(RequesterServiceRaw.java:906)
	at com.amazonaws.mturk.cmd.GrantBonus.grantBonus(GrantBonus.java:93)
	at com.amazonaws.mturk.cmd.GrantBonus.runCommand(GrantBonus.java:86)
	at com.amazonaws.mturk.cmd.AbstractCmd.run(AbstractCmd.java:148)
	at com.amazonaws.mturk.cmd.GrantBonus.main(GrantBonus.java:30)
[2017-05-01 17:29:10] ERROR (AbstractCmd.java: 150) - An error occurred: Error #1 for RequestId: a09b7b0c-65c7-4f14-b41b-d6327aece6a8 - AWS.MechanicalTurk.AssignmentDoesNotExist: Assignment 3WYP994K17R1UYZBSDZ6SJOTCQJY6W does not exist. (1493674150636)
com.amazonaws.mturk.service.exception.ObjectDoesNotExistException: Error #1 for RequestId: a09b7b0c-65c7-4f14-b41b-d6327aece6a8 - AWS.MechanicalTurk.AssignmentDoesNotExist: Assignment 3WYP994K17R1UYZBSDZ6SJOTCQJY6W does not exist. (1493674150636)
	at com.amazonaws.mturk.filter.ErrorProcessingFilter.processErrors(ErrorProcessingFilter.java:105)
	at com.amazonaws.mturk.filter.ErrorProcessingFilter.execute(ErrorProcessingFilter.java:48)
	at com.amazonaws.mturk.filter.Filter.passMessage(Filter.java:56)
	at com.amazonaws.mturk.filter.RetryFilter.execute(RetryFilter.java:115)
	at com.amazonaws.mturk.filter.Filter.passMessage(Filter.java:56)
	at com.amazonaws.mturk.util.CLTExceptionFilter.sendMessage(CLTExceptionFilter.java:77)
	at com.amazonaws.mturk.util.CLTExceptionFilter.execute(CLTExceptionFilter.java:62)
	at com.amazonaws.mturk.service.axis.FilteredAWSService.executeRequests(FilteredAWSService.java:172)
	at com.amazonaws.mturk.service.axis.FilteredAWSService.executeRequest(FilteredAWSService.java:152)
	at com.amazonaws.mturk.service.axis.FilteredAWSService.executeRequest(FilteredAWSService.java:116)
	at com.amazonaws.mturk.service.axis.RequesterServiceRaw.grantBonus(RequesterServiceRaw.java:906)
	at com.amazonaws.mturk.cmd.GrantBonus.grantBonus(GrantBonus.java:93)
	at com.amazonaws.mturk.cmd.GrantBonus.runCommand(GrantBonus.java:86)
	at com.amazonaws.mturk.cmd.AbstractCmd.run(AbstractCmd.java:148)
	at com.amazonaws.mturk.cmd.GrantBonus.main(GrantBonus.java:30)
[2017-05-01 17:29:11] ERROR (AbstractCmd.java: 150) - An error occurred: Error #1 for RequestId: 754c9045-c0fd-409c-9f3a-aa902c5c4aab - AWS.MechanicalTurk.AssignmentDoesNotExist: Assignment 3VNXK88KKCI78N64L9FY5UB1K8T9V9 does not exist. (1493674151685)
com.amazonaws.mturk.service.exception.ObjectDoesNotExistException: Error #1 for RequestId: 754c9045-c0fd-409c-9f3a-aa902c5c4aab - AWS.MechanicalTurk.AssignmentDoesNotExist: Assignment 3VNXK88KKCI78N64L9FY5UB1K8T9V9 does not exist. (1493674151685)
	at com.amazonaws.mturk.filter.ErrorProcessingFilter.processErrors(ErrorProcessingFilter.java:105)
	at com.amazonaws.mturk.filter.ErrorProcessingFilter.execute(ErrorProcessingFilter.java:48)
	at com.amazonaws.mturk.filter.Filter.passMessage(Filter.java:56)
	at com.amazonaws.mturk.filter.RetryFilter.execute(RetryFilter.java:115)
	at com.amazonaws.mturk.filter.Filter.passMessage(Filter.java:56)
	at com.amazonaws.mturk.util.CLTExceptionFilter.sendMessage(CLTExceptionFilter.java:77)
	at com.amazonaws.mturk.util.CLTExceptionFilter.execute(CLTExceptionFilter.java:62)
	at com.amazonaws.mturk.service.axis.FilteredAWSService.executeRequests(FilteredAWSService.java:172)
	at com.amazonaws.mturk.service.axis.FilteredAWSService.executeRequest(FilteredAWSService.java:152)
	at com.amazonaws.mturk.service.axis.FilteredAWSService.executeRequest(FilteredAWSService.java:116)
	at com.amazonaws.mturk.service.axis.RequesterServiceRaw.grantBonus(RequesterServiceRaw.java:906)
	at com.amazonaws.mturk.cmd.GrantBonus.grantBonus(GrantBonus.java:93)
	at com.amazonaws.mturk.cmd.GrantBonus.runCommand(GrantBonus.java:86)
	at com.amazonaws.mturk.cmd.AbstractCmd.run(AbstractCmd.java:148)
	at com.amazonaws.mturk.cmd.GrantBonus.main(GrantBonus.java:30)
[2017-05-01 17:29:12] ERROR (AbstractCmd.java: 150) - An error occurred: Error #1 for RequestId: cf4f83c5-9b9c-4010-82cd-c3deddbb8577 - AWS.MechanicalTurk.AssignmentDoesNotExist: Assignment 32AT8R96GL9P0ND3PP5KQ3E8YR5SUE does not exist. (1493674152720)
com.amazonaws.mturk.service.exception.ObjectDoesNotExistException: Error #1 for RequestId: cf4f83c5-9b9c-4010-82cd-c3deddbb8577 - AWS.MechanicalTurk.AssignmentDoesNotExist: Assignment 32AT8R96GL9P0ND3PP5KQ3E8YR5SUE does not exist. (1493674152720)
	at com.amazonaws.mturk.filter.ErrorProcessingFilter.processErrors(ErrorProcessingFilter.java:105)
	at com.amazonaws.mturk.filter.ErrorProcessingFilter.execute(ErrorProcessingFilter.java:48)
	at com.amazonaws.mturk.filter.Filter.passMessage(Filter.java:56)
	at com.amazonaws.mturk.filter.RetryFilter.execute(RetryFilter.java:115)
	at com.amazonaws.mturk.filter.Filter.passMessage(Filter.java:56)
	at com.amazonaws.mturk.util.CLTExceptionFilter.sendMessage(CLTExceptionFilter.java:77)
	at com.amazonaws.mturk.util.CLTExceptionFilter.execute(CLTExceptionFilter.java:62)
	at com.amazonaws.mturk.service.axis.FilteredAWSService.executeRequests(FilteredAWSService.java:172)
	at com.amazonaws.mturk.service.axis.FilteredAWSService.executeRequest(FilteredAWSService.java:152)
	at com.amazonaws.mturk.service.axis.FilteredAWSService.executeRequest(FilteredAWSService.java:116)
	at com.amazonaws.mturk.service.axis.RequesterServiceRaw.grantBonus(RequesterServiceRaw.java:906)
	at com.amazonaws.mturk.cmd.GrantBonus.grantBonus(GrantBonus.java:93)
	at com.amazonaws.mturk.cmd.GrantBonus.runCommand(GrantBonus.java:86)
	at com.amazonaws.mturk.cmd.AbstractCmd.run(AbstractCmd.java:148)
	at com.amazonaws.mturk.cmd.GrantBonus.main(GrantBonus.java:30)
[2017-05-01 17:29:13] ERROR (AbstractCmd.java: 150) - An error occurred: Error #1 for RequestId: 16c025cd-bef8-4b40-ac8c-9a3cb4402734 - AWS.MechanicalTurk.AssignmentDoesNotExist: Assignment 3R3YRB5GRF3L0RR98PJT53K2CK2UAM does not exist. (1493674153754)
com.amazonaws.mturk.service.exception.ObjectDoesNotExistException: Error #1 for RequestId: 16c025cd-bef8-4b40-ac8c-9a3cb4402734 - AWS.MechanicalTurk.AssignmentDoesNotExist: Assignment 3R3YRB5GRF3L0RR98PJT53K2CK2UAM does not exist. (1493674153754)
	at com.amazonaws.mturk.filter.ErrorProcessingFilter.processErrors(ErrorProcessingFilter.java:105)
	at com.amazonaws.mturk.filter.ErrorProcessingFilter.execute(ErrorProcessingFilter.java:48)
	at com.amazonaws.mturk.filter.Filter.passMessage(Filter.java:56)
	at com.amazonaws.mturk.filter.RetryFilter.execute(RetryFilter.java:115)
	at com.amazonaws.mturk.filter.Filter.passMessage(Filter.java:56)
	at com.amazonaws.mturk.util.CLTExceptionFilter.sendMessage(CLTExceptionFilter.java:77)
	at com.amazonaws.mturk.util.CLTExceptionFilter.execute(CLTExceptionFilter.java:62)
	at com.amazonaws.mturk.service.axis.FilteredAWSService.executeRequests(FilteredAWSService.java:172)
	at com.amazonaws.mturk.service.axis.FilteredAWSService.executeRequest(FilteredAWSService.java:152)
	at com.amazonaws.mturk.service.axis.FilteredAWSService.executeRequest(FilteredAWSService.java:116)
	at com.amazonaws.mturk.service.axis.RequesterServiceRaw.grantBonus(RequesterServiceRaw.java:906)
	at com.amazonaws.mturk.cmd.GrantBonus.grantBonus(GrantBonus.java:93)
	at com.amazonaws.mturk.cmd.GrantBonus.runCommand(GrantBonus.java:86)
	at com.amazonaws.mturk.cmd.AbstractCmd.run(AbstractCmd.java:148)
	at com.amazonaws.mturk.cmd.GrantBonus.main(GrantBonus.java:30)
[2017-05-01 17:29:14] ERROR (AbstractCmd.java: 150) - An error occurred: Error #1 for RequestId: 036f7b8d-2969-4fbf-90f6-e5648399d687 - AWS.MechanicalTurk.AssignmentDoesNotExist: Assignment 3AUQQEL7U5TPCTIRLDW5CJA8H6KV08 does not exist. (1493674154808)
com.amazonaws.mturk.service.exception.ObjectDoesNotExistException: Error #1 for RequestId: 036f7b8d-2969-4fbf-90f6-e5648399d687 - AWS.MechanicalTurk.AssignmentDoesNotExist: Assignment 3AUQQEL7U5TPCTIRLDW5CJA8H6KV08 does not exist. (1493674154808)
	at com.amazonaws.mturk.filter.ErrorProcessingFilter.processErrors(ErrorProcessingFilter.java:105)
	at com.amazonaws.mturk.filter.ErrorProcessingFilter.execute(ErrorProcessingFilter.java:48)
	at com.amazonaws.mturk.filter.Filter.passMessage(Filter.java:56)
	at com.amazonaws.mturk.filter.RetryFilter.execute(RetryFilter.java:115)
	at com.amazonaws.mturk.filter.Filter.passMessage(Filter.java:56)
	at com.amazonaws.mturk.util.CLTExceptionFilter.sendMessage(CLTExceptionFilter.java:77)
	at com.amazonaws.mturk.util.CLTExceptionFilter.execute(CLTExceptionFilter.java:62)
	at com.amazonaws.mturk.service.axis.FilteredAWSService.executeRequests(FilteredAWSService.java:172)
	at com.amazonaws.mturk.service.axis.FilteredAWSService.executeRequest(FilteredAWSService.java:152)
	at com.amazonaws.mturk.service.axis.FilteredAWSService.executeRequest(FilteredAWSService.java:116)
	at com.amazonaws.mturk.service.axis.RequesterServiceRaw.grantBonus(RequesterServiceRaw.java:906)
	at com.amazonaws.mturk.cmd.GrantBonus.grantBonus(GrantBonus.java:93)
	at com.amazonaws.mturk.cmd.GrantBonus.runCommand(GrantBonus.java:86)
	at com.amazonaws.mturk.cmd.AbstractCmd.run(AbstractCmd.java:148)
	at com.amazonaws.mturk.cmd.GrantBonus.main(GrantBonus.java:30)
[2017-05-01 17:29:15] ERROR (AbstractCmd.java: 150) - An error occurred: Error #1 for RequestId: a9032707-8070-4a2e-96ec-d9e19453a196 - AWS.MechanicalTurk.AssignmentDoesNotExist: Assignment 3AAJC4I4FGSDNJON8IVEFU204Q7ZJU does not exist. (1493674155874)
com.amazonaws.mturk.service.exception.ObjectDoesNotExistException: Error #1 for RequestId: a9032707-8070-4a2e-96ec-d9e19453a196 - AWS.MechanicalTurk.AssignmentDoesNotExist: Assignment 3AAJC4I4FGSDNJON8IVEFU204Q7ZJU does not exist. (1493674155874)
	at com.amazonaws.mturk.filter.ErrorProcessingFilter.processErrors(ErrorProcessingFilter.java:105)
	at com.amazonaws.mturk.filter.ErrorProcessingFilter.execute(ErrorProcessingFilter.java:48)
	at com.amazonaws.mturk.filter.Filter.passMessage(Filter.java:56)
	at com.amazonaws.mturk.filter.RetryFilter.execute(RetryFilter.java:115)
	at com.amazonaws.mturk.filter.Filter.passMessage(Filter.java:56)
	at com.amazonaws.mturk.util.CLTExceptionFilter.sendMessage(CLTExceptionFilter.java:77)
	at com.amazonaws.mturk.util.CLTExceptionFilter.execute(CLTExceptionFilter.java:62)
	at com.amazonaws.mturk.service.axis.FilteredAWSService.executeRequests(FilteredAWSService.java:172)
	at com.amazonaws.mturk.service.axis.FilteredAWSService.executeRequest(FilteredAWSService.java:152)
	at com.amazonaws.mturk.service.axis.FilteredAWSService.executeRequest(FilteredAWSService.java:116)
	at com.amazonaws.mturk.service.axis.RequesterServiceRaw.grantBonus(RequesterServiceRaw.java:906)
	at com.amazonaws.mturk.cmd.GrantBonus.grantBonus(GrantBonus.java:93)
	at com.amazonaws.mturk.cmd.GrantBonus.runCommand(GrantBonus.java:86)
	at com.amazonaws.mturk.cmd.AbstractCmd.run(AbstractCmd.java:148)
	at com.amazonaws.mturk.cmd.GrantBonus.main(GrantBonus.java:30)
[2017-05-01 17:29:16] ERROR (AbstractCmd.java: 150) - An error occurred: Error #1 for RequestId: 935496d6-4a5e-4582-933f-f08c86010d0c - AWS.MechanicalTurk.AssignmentDoesNotExist: Assignment 3B837J3LDOWXKVLMLVAFLSRORS1SRA does not exist. (1493674156912)
com.amazonaws.mturk.service.exception.ObjectDoesNotExistException: Error #1 for RequestId: 935496d6-4a5e-4582-933f-f08c86010d0c - AWS.MechanicalTurk.AssignmentDoesNotExist: Assignment 3B837J3LDOWXKVLMLVAFLSRORS1SRA does not exist. (1493674156912)
	at com.amazonaws.mturk.filter.ErrorProcessingFilter.processErrors(ErrorProcessingFilter.java:105)
	at com.amazonaws.mturk.filter.ErrorProcessingFilter.execute(ErrorProcessingFilter.java:48)
	at com.amazonaws.mturk.filter.Filter.passMessage(Filter.java:56)
	at com.amazonaws.mturk.filter.RetryFilter.execute(RetryFilter.java:115)
	at com.amazonaws.mturk.filter.Filter.passMessage(Filter.java:56)
	at com.amazonaws.mturk.util.CLTExceptionFilter.sendMessage(CLTExceptionFilter.java:77)
	at com.amazonaws.mturk.util.CLTExceptionFilter.execute(CLTExceptionFilter.java:62)
	at com.amazonaws.mturk.service.axis.FilteredAWSService.executeRequests(FilteredAWSService.java:172)
	at com.amazonaws.mturk.service.axis.FilteredAWSService.executeRequest(FilteredAWSService.java:152)
	at com.amazonaws.mturk.service.axis.FilteredAWSService.executeRequest(FilteredAWSService.java:116)
	at com.amazonaws.mturk.service.axis.RequesterServiceRaw.grantBonus(RequesterServiceRaw.java:906)
	at com.amazonaws.mturk.cmd.GrantBonus.grantBonus(GrantBonus.java:93)
	at com.amazonaws.mturk.cmd.GrantBonus.runCommand(GrantBonus.java:86)
	at com.amazonaws.mturk.cmd.AbstractCmd.run(AbstractCmd.java:148)
	at com.amazonaws.mturk.cmd.GrantBonus.main(GrantBonus.java:30)
[2017-05-01 17:29:18] ERROR (AbstractCmd.java: 150) - An error occurred: Error #1 for RequestId: 3c32f3ed-b119-4aef-a4ef-a4971042120a - AWS.MechanicalTurk.AssignmentDoesNotExist: Assignment 3X87C8JFV6BX8U6M8GLFG2HJV6ZSQ9 does not exist. (1493674158085)
com.amazonaws.mturk.service.exception.ObjectDoesNotExistException: Error #1 for RequestId: 3c32f3ed-b119-4aef-a4ef-a4971042120a - AWS.MechanicalTurk.AssignmentDoesNotExist: Assignment 3X87C8JFV6BX8U6M8GLFG2HJV6ZSQ9 does not exist. (1493674158085)
	at com.amazonaws.mturk.filter.ErrorProcessingFilter.processErrors(ErrorProcessingFilter.java:105)
	at com.amazonaws.mturk.filter.ErrorProcessingFilter.execute(ErrorProcessingFilter.java:48)
	at com.amazonaws.mturk.filter.Filter.passMessage(Filter.java:56)
	at com.amazonaws.mturk.filter.RetryFilter.execute(RetryFilter.java:115)
	at com.amazonaws.mturk.filter.Filter.passMessage(Filter.java:56)
	at com.amazonaws.mturk.util.CLTExceptionFilter.sendMessage(CLTExceptionFilter.java:77)
	at com.amazonaws.mturk.util.CLTExceptionFilter.execute(CLTExceptionFilter.java:62)
	at com.amazonaws.mturk.service.axis.FilteredAWSService.executeRequests(FilteredAWSService.java:172)
	at com.amazonaws.mturk.service.axis.FilteredAWSService.executeRequest(FilteredAWSService.java:152)
	at com.amazonaws.mturk.service.axis.FilteredAWSService.executeRequest(FilteredAWSService.java:116)
	at com.amazonaws.mturk.service.axis.RequesterServiceRaw.grantBonus(RequesterServiceRaw.java:906)
	at com.amazonaws.mturk.cmd.GrantBonus.grantBonus(GrantBonus.java:93)
	at com.amazonaws.mturk.cmd.GrantBonus.runCommand(GrantBonus.java:86)
	at com.amazonaws.mturk.cmd.AbstractCmd.run(AbstractCmd.java:148)
	at com.amazonaws.mturk.cmd.GrantBonus.main(GrantBonus.java:30)
[2017-05-01 17:29:19] ERROR (AbstractCmd.java: 150) - An error occurred: Error #1 for RequestId: 68747df0-8756-4f41-864a-d12c2a9ab8f0 - AWS.MechanicalTurk.AssignmentDoesNotExist: Assignment 3DOCMVPBTNEFPK1PKSCCDEC83W4NN5 does not exist. (1493674159122)
com.amazonaws.mturk.service.exception.ObjectDoesNotExistException: Error #1 for RequestId: 68747df0-8756-4f41-864a-d12c2a9ab8f0 - AWS.MechanicalTurk.AssignmentDoesNotExist: Assignment 3DOCMVPBTNEFPK1PKSCCDEC83W4NN5 does not exist. (1493674159122)
	at com.amazonaws.mturk.filter.ErrorProcessingFilter.processErrors(ErrorProcessingFilter.java:105)
	at com.amazonaws.mturk.filter.ErrorProcessingFilter.execute(ErrorProcessingFilter.java:48)
	at com.amazonaws.mturk.filter.Filter.passMessage(Filter.java:56)
	at com.amazonaws.mturk.filter.RetryFilter.execute(RetryFilter.java:115)
	at com.amazonaws.mturk.filter.Filter.passMessage(Filter.java:56)
	at com.amazonaws.mturk.util.CLTExceptionFilter.sendMessage(CLTExceptionFilter.java:77)
	at com.amazonaws.mturk.util.CLTExceptionFilter.execute(CLTExceptionFilter.java:62)
	at com.amazonaws.mturk.service.axis.FilteredAWSService.executeRequests(FilteredAWSService.java:172)
	at com.amazonaws.mturk.service.axis.FilteredAWSService.executeRequest(FilteredAWSService.java:152)
	at com.amazonaws.mturk.service.axis.FilteredAWSService.executeRequest(FilteredAWSService.java:116)
	at com.amazonaws.mturk.service.axis.RequesterServiceRaw.grantBonus(RequesterServiceRaw.java:906)
	at com.amazonaws.mturk.cmd.GrantBonus.grantBonus(GrantBonus.java:93)
	at com.amazonaws.mturk.cmd.GrantBonus.runCommand(GrantBonus.java:86)
	at com.amazonaws.mturk.cmd.AbstractCmd.run(AbstractCmd.java:148)
	at com.amazonaws.mturk.cmd.GrantBonus.main(GrantBonus.java:30)
[2017-05-01 17:29:20] ERROR (AbstractCmd.java: 150) - An error occurred: Error #1 for RequestId: 9d2bebc3-c63a-4629-afcf-508e35115274 - AWS.MechanicalTurk.AssignmentDoesNotExist: Assignment 30BXRYBRP4XD2IOS9V8M4DS3AYFWHG does not exist. (1493674160205)
com.amazonaws.mturk.service.exception.ObjectDoesNotExistException: Error #1 for RequestId: 9d2bebc3-c63a-4629-afcf-508e35115274 - AWS.MechanicalTurk.AssignmentDoesNotExist: Assignment 30BXRYBRP4XD2IOS9V8M4DS3AYFWHG does not exist. (1493674160205)
	at com.amazonaws.mturk.filter.ErrorProcessingFilter.processErrors(ErrorProcessingFilter.java:105)
	at com.amazonaws.mturk.filter.ErrorProcessingFilter.execute(ErrorProcessingFilter.java:48)
	at com.amazonaws.mturk.filter.Filter.passMessage(Filter.java:56)
	at com.amazonaws.mturk.filter.RetryFilter.execute(RetryFilter.java:115)
	at com.amazonaws.mturk.filter.Filter.passMessage(Filter.java:56)
	at com.amazonaws.mturk.util.CLTExceptionFilter.sendMessage(CLTExceptionFilter.java:77)
	at com.amazonaws.mturk.util.CLTExceptionFilter.execute(CLTExceptionFilter.java:62)
	at com.amazonaws.mturk.service.axis.FilteredAWSService.executeRequests(FilteredAWSService.java:172)
	at com.amazonaws.mturk.service.axis.FilteredAWSService.executeRequest(FilteredAWSService.java:152)
	at com.amazonaws.mturk.service.axis.FilteredAWSService.executeRequest(FilteredAWSService.java:116)
	at com.amazonaws.mturk.service.axis.RequesterServiceRaw.grantBonus(RequesterServiceRaw.java:906)
	at com.amazonaws.mturk.cmd.GrantBonus.grantBonus(GrantBonus.java:93)
	at com.amazonaws.mturk.cmd.GrantBonus.runCommand(GrantBonus.java:86)
	at com.amazonaws.mturk.cmd.AbstractCmd.run(AbstractCmd.java:148)
	at com.amazonaws.mturk.cmd.GrantBonus.main(GrantBonus.java:30)
[2017-05-01 17:29:21] ERROR (AbstractCmd.java: 150) - An error occurred: Error #1 for RequestId: 03b709a6-d246-4a67-ae50-d44951001a9e - AWS.MechanicalTurk.AssignmentDoesNotExist: Assignment 33PPUNGG385UL770GN4NHLORE9JRZ0 does not exist. (1493674161304)
com.amazonaws.mturk.service.exception.ObjectDoesNotExistException: Error #1 for RequestId: 03b709a6-d246-4a67-ae50-d44951001a9e - AWS.MechanicalTurk.AssignmentDoesNotExist: Assignment 33PPUNGG385UL770GN4NHLORE9JRZ0 does not exist. (1493674161304)
	at com.amazonaws.mturk.filter.ErrorProcessingFilter.processErrors(ErrorProcessingFilter.java:105)
	at com.amazonaws.mturk.filter.ErrorProcessingFilter.execute(ErrorProcessingFilter.java:48)
	at com.amazonaws.mturk.filter.Filter.passMessage(Filter.java:56)
	at com.amazonaws.mturk.filter.RetryFilter.execute(RetryFilter.java:115)
	at com.amazonaws.mturk.filter.Filter.passMessage(Filter.java:56)
	at com.amazonaws.mturk.util.CLTExceptionFilter.sendMessage(CLTExceptionFilter.java:77)
	at com.amazonaws.mturk.util.CLTExceptionFilter.execute(CLTExceptionFilter.java:62)
	at com.amazonaws.mturk.service.axis.FilteredAWSService.executeRequests(FilteredAWSService.java:172)
	at com.amazonaws.mturk.service.axis.FilteredAWSService.executeRequest(FilteredAWSService.java:152)
	at com.amazonaws.mturk.service.axis.FilteredAWSService.executeRequest(FilteredAWSService.java:116)
	at com.amazonaws.mturk.service.axis.RequesterServiceRaw.grantBonus(RequesterServiceRaw.java:906)
	at com.amazonaws.mturk.cmd.GrantBonus.grantBonus(GrantBonus.java:93)
	at com.amazonaws.mturk.cmd.GrantBonus.runCommand(GrantBonus.java:86)
	at com.amazonaws.mturk.cmd.AbstractCmd.run(AbstractCmd.java:148)
	at com.amazonaws.mturk.cmd.GrantBonus.main(GrantBonus.java:30)
[2017-05-01 17:29:22] ERROR (AbstractCmd.java: 150) - An error occurred: Error #1 for RequestId: 61fe5579-6216-47e7-bf5e-483f4b7af87a - AWS.MechanicalTurk.AssignmentDoesNotExist: Assignment 3DUZQ9U6SMOPD223UFFPMPGRC0RSVK does not exist. (1493674162385)
com.amazonaws.mturk.service.exception.ObjectDoesNotExistException: Error #1 for RequestId: 61fe5579-6216-47e7-bf5e-483f4b7af87a - AWS.MechanicalTurk.AssignmentDoesNotExist: Assignment 3DUZQ9U6SMOPD223UFFPMPGRC0RSVK does not exist. (1493674162385)
	at com.amazonaws.mturk.filter.ErrorProcessingFilter.processErrors(ErrorProcessingFilter.java:105)
	at com.amazonaws.mturk.filter.ErrorProcessingFilter.execute(ErrorProcessingFilter.java:48)
	at com.amazonaws.mturk.filter.Filter.passMessage(Filter.java:56)
	at com.amazonaws.mturk.filter.RetryFilter.execute(RetryFilter.java:115)
	at com.amazonaws.mturk.filter.Filter.passMessage(Filter.java:56)
	at com.amazonaws.mturk.util.CLTExceptionFilter.sendMessage(CLTExceptionFilter.java:77)
	at com.amazonaws.mturk.util.CLTExceptionFilter.execute(CLTExceptionFilter.java:62)
	at com.amazonaws.mturk.service.axis.FilteredAWSService.executeRequests(FilteredAWSService.java:172)
	at com.amazonaws.mturk.service.axis.FilteredAWSService.executeRequest(FilteredAWSService.java:152)
	at com.amazonaws.mturk.service.axis.FilteredAWSService.executeRequest(FilteredAWSService.java:116)
	at com.amazonaws.mturk.service.axis.RequesterServiceRaw.grantBonus(RequesterServiceRaw.java:906)
	at com.amazonaws.mturk.cmd.GrantBonus.grantBonus(GrantBonus.java:93)
	at com.amazonaws.mturk.cmd.GrantBonus.runCommand(GrantBonus.java:86)
	at com.amazonaws.mturk.cmd.AbstractCmd.run(AbstractCmd.java:148)
	at com.amazonaws.mturk.cmd.GrantBonus.main(GrantBonus.java:30)
[2017-05-01 17:29:23] ERROR (AbstractCmd.java: 150) - An error occurred: Error #1 for RequestId: ec93757d-3d55-4135-bebe-35b758dc4418 - AWS.MechanicalTurk.AssignmentDoesNotExist: Assignment 3LO69W1SU3DJRSHILBJ2A2ZMXR0LGF does not exist. (1493674163443)
com.amazonaws.mturk.service.exception.ObjectDoesNotExistException: Error #1 for RequestId: ec93757d-3d55-4135-bebe-35b758dc4418 - AWS.MechanicalTurk.AssignmentDoesNotExist: Assignment 3LO69W1SU3DJRSHILBJ2A2ZMXR0LGF does not exist. (1493674163443)
	at com.amazonaws.mturk.filter.ErrorProcessingFilter.processErrors(ErrorProcessingFilter.java:105)
	at com.amazonaws.mturk.filter.ErrorProcessingFilter.execute(ErrorProcessingFilter.java:48)
	at com.amazonaws.mturk.filter.Filter.passMessage(Filter.java:56)
	at com.amazonaws.mturk.filter.RetryFilter.execute(RetryFilter.java:115)
	at com.amazonaws.mturk.filter.Filter.passMessage(Filter.java:56)
	at com.amazonaws.mturk.util.CLTExceptionFilter.sendMessage(CLTExceptionFilter.java:77)
	at com.amazonaws.mturk.util.CLTExceptionFilter.execute(CLTExceptionFilter.java:62)
	at com.amazonaws.mturk.service.axis.FilteredAWSService.executeRequests(FilteredAWSService.java:172)
	at com.amazonaws.mturk.service.axis.FilteredAWSService.executeRequest(FilteredAWSService.java:152)
	at com.amazonaws.mturk.service.axis.FilteredAWSService.executeRequest(FilteredAWSService.java:116)
	at com.amazonaws.mturk.service.axis.RequesterServiceRaw.grantBonus(RequesterServiceRaw.java:906)
	at com.amazonaws.mturk.cmd.GrantBonus.grantBonus(GrantBonus.java:93)
	at com.amazonaws.mturk.cmd.GrantBonus.runCommand(GrantBonus.java:86)
	at com.amazonaws.mturk.cmd.AbstractCmd.run(AbstractCmd.java:148)
	at com.amazonaws.mturk.cmd.GrantBonus.main(GrantBonus.java:30)
[2017-05-01 17:38:07] INFO  (GetBalance.java: 51) - Your account balance: $271.12
[2017-05-01 17:47:59] INFO  (GetBalance.java: 51) - Your account balance: $126.27
[2017-05-01 17:48:44] INFO  (GrantBonus.java: 95) - Granted bonus to AR1IWBDA7MC86
[2017-05-01 17:48:45] INFO  (GrantBonus.java: 95) - Granted bonus to ABL3H3O3BI8ZD
[2017-05-01 17:48:47] INFO  (GrantBonus.java: 95) - Granted bonus to A32QJF67JMJFKX
[2017-05-01 17:48:48] INFO  (GrantBonus.java: 95) - Granted bonus to A3OW5EFQ5QFD19
[2017-05-01 17:48:49] INFO  (GrantBonus.java: 95) - Granted bonus to A15V8K8M4TXT9Y
[2017-05-01 17:48:50] INFO  (GrantBonus.java: 95) - Granted bonus to A2OWVYIPSQB0QP
[2017-05-01 17:48:51] INFO  (GrantBonus.java: 95) - Granted bonus to A2WX9BYW5TI8OA
[2017-05-01 17:48:53] INFO  (GrantBonus.java: 95) - Granted bonus to AOTF48KUV9KWM
[2017-05-01 17:48:54] INFO  (GrantBonus.java: 95) - Granted bonus to A16SJ5D3DKUEXJ
[2017-05-01 17:48:55] INFO  (GrantBonus.java: 95) - Granted bonus to A14ADQ7RUN6TDY
[2017-05-01 17:48:56] INFO  (GrantBonus.java: 95) - Granted bonus to A0017268R9SKD8U2Y3F
[2017-05-01 17:48:57] INFO  (GrantBonus.java: 95) - Granted bonus to A2VRDE2FHCBMF8
[2017-05-01 17:48:59] INFO  (GrantBonus.java: 95) - Granted bonus to ALEE1QD4TW9G4
[2017-05-01 17:49:01] INFO  (GrantBonus.java: 95) - Granted bonus to A2GB0RI43KU4Z
[2017-05-01 17:49:03] INFO  (GrantBonus.java: 95) - Granted bonus to A1N4AZ1QXPOPXH
[2017-05-01 17:49:05] INFO  (GrantBonus.java: 95) - Granted bonus to A21H2UDDHN8ZF
[2017-05-01 17:49:07] INFO  (GrantBonus.java: 95) - Granted bonus to A1GXFMAC759VRM
[2017-05-01 17:49:09] INFO  (GrantBonus.java: 95) - Granted bonus to A1VNYP58BTF4HX
[2017-05-01 17:49:11] INFO  (GrantBonus.java: 95) - Granted bonus to A1727A5VJOZAMR
[2017-05-01 17:49:13] INFO  (GrantBonus.java: 95) - Granted bonus to A1MQ9B05ZMM4YI
[2017-05-01 17:49:14] INFO  (GrantBonus.java: 95) - Granted bonus to A3ITZNJQUTIZ4C
[2017-05-01 17:49:16] INFO  (GrantBonus.java: 95) - Granted bonus to AW0MG225VXWCN
[2017-05-01 17:49:18] INFO  (GrantBonus.java: 95) - Granted bonus to A3N8JP3QR3VPE8
[2017-05-01 17:49:20] INFO  (GrantBonus.java: 95) - Granted bonus to A5NHP0N1XC09K
[2017-05-16 12:10:42] INFO  (GrantBonus.java: 95) - Granted bonus to A6JKKANO7F4KD
[2017-05-16 12:10:44] INFO  (GrantBonus.java: 95) - Granted bonus to A2USG1JP96FTV
[2017-05-16 12:10:45] INFO  (GrantBonus.java: 95) - Granted bonus to A2YCMT5BPA0AG9
[2017-05-16 12:10:47] INFO  (GrantBonus.java: 95) - Granted bonus to A94DL4GI8ZBUO
[2017-05-16 12:10:48] INFO  (GrantBonus.java: 95) - Granted bonus to A1VOWQJOBWOVKG
[2017-05-16 12:10:49] INFO  (GrantBonus.java: 95) - Granted bonus to A2DWPP1KKAY0HG
[2017-05-16 12:10:51] INFO  (GrantBonus.java: 95) - Granted bonus to A1H72Y9Z5NJXDS
[2017-05-16 12:10:52] INFO  (GrantBonus.java: 95) - Granted bonus to A18T7E73TNGOKP
[2017-05-16 12:10:53] INFO  (GrantBonus.java: 95) - Granted bonus to A1G187YBG0DVMQ
[2017-05-16 12:10:55] INFO  (GrantBonus.java: 95) - Granted bonus to A34F2ESTZYTWRM
[2017-05-16 12:10:56] INFO  (GrantBonus.java: 95) - Granted bonus to A115UFR6VA6OM1
[2017-05-16 12:10:58] INFO  (GrantBonus.java: 95) - Granted bonus to A3EWTW55UCNAHG
[2017-05-16 12:10:59] INFO  (GrantBonus.java: 95) - Granted bonus to A3RHGIM99R25Q9
[2017-05-16 12:11:00] INFO  (GrantBonus.java: 95) - Granted bonus to A2YE2I9DYV9OKW
[2017-05-16 12:11:01] INFO  (GrantBonus.java: 95) - Granted bonus to A3L0DCUXI7X3A9
[2017-05-16 12:11:03] INFO  (GrantBonus.java: 95) - Granted bonus to A1H053T5EXI6EP
[2017-05-16 12:11:04] INFO  (GrantBonus.java: 95) - Granted bonus to A1CSDIX05PK9V
[2017-05-16 12:11:06] INFO  (GrantBonus.java: 95) - Granted bonus to A1X1GFV9H8AGSL
[2017-05-16 12:11:07] INFO  (GrantBonus.java: 95) - Granted bonus to A19C6T7B0H4PAQ
[2017-05-16 12:11:09] INFO  (GrantBonus.java: 95) - Granted bonus to A1U8QI4H4ND1FP
[2017-05-16 12:50:38] INFO  (GrantBonus.java: 95) - Granted bonus to A1CE2XPYCDRHVZ
